* ----------------------------------------------------------------
* Running PROLOG for hello on Thu Apr 10 07:48:02 WEST 2025
*    JOB_NAME                : hello
*    JOB_ID                  : 21003264
*    JOB_PARTITION           : hpc
*    JOB_USER                : username
*    JOB_ACCOUNT             : vlabualg
*    JOB_QOS                 : normal
*    NODE_LIST               : hpc080
*    SLURM_NNODES            : 1
*    SLURM_NPROCS            : 4
*    SLURM_NTASKS            : 4
*    SLURM_CPUS_ON_NODE      : 4
*    SLURM_TASKS_PER_NODE    : 4
*    SLURM_JOB_CPUS_PER_NODE : 4
*    SLURM_MEM_PER_CPU       : 5000
*    SUBMIT_HOST             : cirrus.a.incd.pt
*    WORK_DIR                : /users5/vlabualg/username/examples
*    JOB_SCRIPT              : /users5/vlabualg/username/examples/hello_mpi.sh
* ----------------------------------------------------------------
Hello from process 3 of 4
Hello from process 0 of 4
Hello from process 1 of 4
Hello from process 2 of 4

